\BOOKMARK [1][-]{section.1}{\376\377\000I\000N\000T\000R\000O\000D\000U\000C\000T\000I\000O\000N}{}% 1
\BOOKMARK [1][-]{section.2}{\376\377\000T\000H\000E\000O\000R\000Y}{}% 2
\BOOKMARK [1][-]{section.3}{\376\377\000S\000U\000M\000M\000A\000R\000Y\000\040\000O\000F\000\040\000S\000T\000R\000A\000N\000G\000'\000S\000\040\000V\000I\000D\000E\000O}{}% 3
\BOOKMARK [2][-]{subsection.3.1}{\376\377\000C\000o\000n\000c\000e\000p\000t}{section.3}% 4
\BOOKMARK [2][-]{subsection.3.2}{\376\377\000G\000e\000o\000m\000e\000t\000r\000i\000c\000\040\000I\000n\000t\000e\000r\000p\000r\000e\000t\000a\000t\000i\000o\000n}{section.3}% 5
\BOOKMARK [2][-]{subsection.3.3}{\376\377\000C\000o\000m\000p\000u\000t\000a\000t\000i\000o\000n\000\040\000M\000e\000t\000h\000o\000d}{section.3}% 6
\BOOKMARK [2][-]{subsection.3.4}{\376\377\000T\000h\000e\000\040\000F\000o\000u\000r\000\040\000F\000u\000n\000d\000a\000m\000e\000n\000t\000a\000l\000\040\000S\000u\000b\000s\000p\000a\000c\000e\000s}{section.3}% 7
\BOOKMARK [1][-]{section.4}{\376\377\000I\000M\000P\000L\000E\000M\000E\000N\000T\000E\000D\000\040\000A\000L\000G\000O\000R\000I\000T\000H\000M}{}% 8
\BOOKMARK [2][-]{subsection.4.1}{\376\377\000T\000r\000a\000n\000s\000f\000o\000r\000m\000a\000t\000i\000o\000n\000\040\000t\000o\000\040\000a\000\040\000S\000y\000m\000m\000e\000t\000r\000i\000c\000\040\000P\000r\000o\000b\000l\000e\000m}{section.4}% 9
\BOOKMARK [2][-]{subsection.4.2}{\376\377\000T\000h\000e\000\040\000J\000a\000c\000o\000b\000i\000\040\000"\000A\000n\000n\000i\000h\000i\000l\000a\000t\000i\000o\000n\000"\000\040\000S\000t\000r\000a\000t\000e\000g\000y}{section.4}% 10
\BOOKMARK [2][-]{subsection.4.3}{\376\377\000E\000x\000t\000r\000a\000c\000t\000i\000n\000g\000\040\000S\000V\000D\000\040\000C\000o\000m\000p\000o\000n\000e\000n\000t\000s}{section.4}% 11
\BOOKMARK [2][-]{subsection.4.4}{\376\377\000I\000m\000a\000g\000e\000\040\000C\000o\000m\000p\000r\000e\000s\000s\000i\000o\000n\000\040\000\050\000T\000r\000u\000n\000c\000a\000t\000i\000o\000n\000\051}{section.4}% 12
\BOOKMARK [1][-]{section.5}{\376\377\000P\000S\000E\000U\000D\000O\000C\000O\000D\000E}{}% 13
\BOOKMARK [1][-]{section.6}{\376\377\000C\000O\000M\000P\000A\000R\000I\000S\000O\000N\000\040\000O\000F\000\040\000D\000I\000F\000F\000E\000R\000E\000N\000T\000\040\000A\000L\000G\000O\000R\000I\000T\000H\000M\000S}{}% 14
\BOOKMARK [2][-]{subsection.6.1}{\376\377\000J\000a\000c\000o\000b\000i\000\040\000A\000l\000g\000o\000r\000i\000t\000h\000m}{section.6}% 15
\BOOKMARK [2][-]{subsection.6.2}{\376\377\000P\000o\000w\000e\000r\000\040\000I\000t\000e\000r\000a\000t\000i\000o\000n}{section.6}% 16
\BOOKMARK [2][-]{subsection.6.3}{\376\377\000G\000o\000l\000u\000b\000-\000K\000a\000h\000a\000n\000-\000R\000e\000i\000n\000s\000c\000h\000\040\000\050\000B\000i\000d\000i\000a\000g\000o\000n\000a\000l\000i\000z\000a\000t\000i\000o\000n\000\040\000+\000\040\000Q\000R\000\051}{section.6}% 17
\BOOKMARK [2][-]{subsection.6.4}{\376\377\000D\000i\000v\000i\000d\000e\000\040\000a\000n\000d\000\040\000C\000o\000n\000q\000u\000e\000r}{section.6}% 18
\BOOKMARK [2][-]{subsection.6.5}{\376\377\000R\000a\000n\000d\000o\000m\000i\000z\000e\000d\000\040\000S\000V\000D\000\040\000\050\000r\000S\000V\000D\000\051}{section.6}% 19
\BOOKMARK [1][-]{section.7}{\376\377\000R\000E\000C\000O\000N\000S\000T\000R\000U\000C\000T\000E\000D\000\040\000I\000M\000A\000G\000E\000S}{}% 20
\BOOKMARK [2][-]{subsection.7.1}{\376\377\000E\000I\000N\000S\000T\000E\000I\000N}{section.7}% 21
\BOOKMARK [2][-]{subsection.7.2}{\376\377\000G\000L\000O\000B\000E}{section.7}% 22
\BOOKMARK [2][-]{subsection.7.3}{\376\377\000G\000R\000E\000Y\000S\000C\000A\000L\000E}{section.7}% 23
\BOOKMARK [1][-]{section.8}{\376\377\000E\000R\000R\000O\000R\000\040\000A\000N\000A\000L\000Y\000S\000I\000S}{}% 24
\BOOKMARK [1][-]{section.9}{\376\377\000T\000R\000A\000D\000E\000\040\000O\000F\000F\000S\000\040\000A\000N\000D\000\040\000R\000E\000F\000L\000E\000C\000T\000I\000O\000N\000S\000\040\000O\000N\000\040\000I\000M\000P\000L\000E\000M\000E\000N\000T\000A\000T\000I\000O\000N\000\040\000C\000H\000O\000I\000C\000E}{}% 25
\BOOKMARK [2][-]{subsection.9.1}{\376\377\000A\000l\000g\000o\000r\000i\000t\000h\000m\000\040\000C\000h\000o\000i\000c\000e\000:\000\040\000C\000l\000a\000s\000s\000i\000c\000a\000l\000\040\000J\000a\000c\000o\000b\000i}{section.9}% 26
\BOOKMARK [2][-]{subsection.9.2}{\376\377\000M\000e\000m\000o\000r\000y\000\040\000M\000a\000n\000a\000g\000e\000m\000e\000n\000t\000\040\000i\000n\000\040\000C}{section.9}% 27
\BOOKMARK [2][-]{subsection.9.3}{\376\377\000F\000u\000l\000l\000\040\000v\000s\000.\000\040\000A\000p\000p\000r\000o\000x\000i\000m\000a\000t\000e\000\040\000S\000V\000D}{section.9}% 28
\BOOKMARK [1][-]{section.10}{\376\377\000C\000O\000N\000C\000L\000U\000S\000I\000O\000N}{}% 29
